<?xml version="1.0" encoding="UTF-8"?>
<testsuite name="restfulwebservice.WorkplaceSpec" tests="2" skipped="0" failures="0" errors="0" timestamp="2019-05-07T14:43:03" hostname="/0:0:0:0:0:0:0:1%lo" time="0.03">
  <properties/>
  <testcase name="test cmpCode and ctyCode to not accept null values and output expected results " classname="restfulwebservice.WorkplaceSpec" time="0.019"/>
  <testcase name="test cmpName and ctyDesc if to accept null values and output expected results" classname="restfulwebservice.WorkplaceSpec" time="0.011"/>
  <system-out><![CDATA[]]></system-out>
  <system-err><![CDATA[]]></system-err>
</testsuite>
