<?xml version="1.0" encoding="UTF-8"?>
<testsuite name="restfulwebservice.WorkplaceControllerSpec" tests="4" skipped="0" failures="0" errors="0" timestamp="2019-05-06T10:53:03" hostname="/0:0:0:0:0:0:0:1%lo" time="0.186">
  <properties/>
  <testcase name="test index action with multiple saved workbooks with 1 workplace each then should return index view" classname="restfulwebservice.WorkplaceControllerSpec" time="0.121"/>
  <testcase name="test save action with existing workbook with new workplace then save the new workplace " classname="restfulwebservice.WorkplaceControllerSpec" time="0.04"/>
  <testcase name="test delete action with existing workbook and workplace then delete workplace of workbook" classname="restfulwebservice.WorkplaceControllerSpec" time="0.012"/>
  <testcase name="test update action with existing workbook with new workplace then save the new workplace with different values" classname="restfulwebservice.WorkplaceControllerSpec" time="0.013"/>
  <system-out><![CDATA[success index
restfulwebservice.Workplace : (unsaved)
restfulwebservice.Workplace : (unsaved)
success delete
restfulwebservice.Workplace : (unsaved)
update here
restfulwebservice.Workplace : (unsaved)
sucess save
]]></system-out>
  <system-err><![CDATA[]]></system-err>
</testsuite>
