<?xml version="1.0" encoding="UTF-8"?>
<testsuite name="restfulwebservice.WorkplaceSpec" tests="8" skipped="0" failures="0" errors="0" timestamp="2019-05-06T10:53:03" hostname="/0:0:0:0:0:0:0:1%lo" time="0.024">
  <properties/>
  <testcase name="test cmpCode cannot be blank then validate value" classname="restfulwebservice.WorkplaceSpec" time="0.01"/>
  <testcase name="test cmpCode cannot be null then validate value" classname="restfulwebservice.WorkplaceSpec" time="0.002"/>
  <testcase name="test cmpName can be null" classname="restfulwebservice.WorkplaceSpec" time="0.001"/>
  <testcase name="test cmpName can be blank" classname="restfulwebservice.WorkplaceSpec" time="0.002"/>
  <testcase name="test ctyCode cannot be blank" classname="restfulwebservice.WorkplaceSpec" time="0.002"/>
  <testcase name="test ctyCode cannot be null" classname="restfulwebservice.WorkplaceSpec" time="0.002"/>
  <testcase name="test ctyDesc can be null" classname="restfulwebservice.WorkplaceSpec" time="0.002"/>
  <testcase name="test ctyDesc can be blank" classname="restfulwebservice.WorkplaceSpec" time="0.002"/>
  <system-out><![CDATA[]]></system-out>
  <system-err><![CDATA[]]></system-err>
</testsuite>
