<?xml version="1.0" encoding="UTF-8"?>
<testsuite name="restfulwebservice.WorkbookSpec" tests="8" skipped="0" failures="0" errors="0" timestamp="2019-05-07T14:43:02" hostname="/0:0:0:0:0:0:0:1%lo" time="0.159">
  <properties/>
  <testcase name="test email validation if accepts input without @ symbol and output expected results" classname="restfulwebservice.WorkbookSpec" time="0.041"/>
  <testcase name="test firstName and lastName if accepts null values and numbers and output expected results " classname="restfulwebservice.WorkbookSpec" time="0.024"/>
  <testcase name="test phone if matches the regex pattern(no letters and should be atleast 10-12 characters long and output expected result)" classname="restfulwebservice.WorkbookSpec" time="0.019"/>
  <testcase name="test age range validation with different test inputs and ouput expected result" classname="restfulwebservice.WorkbookSpec" time="0.026"/>
  <testcase name="test email unique constraint with 2 workbooks with the same email address" classname="restfulwebservice.WorkbookSpec" time="0.012"/>
  <testcase name="test passportNumber unique constraint with 2 workbooks with the same passportNumber" classname="restfulwebservice.WorkbookSpec" time="0.009"/>
  <testcase name="test passportNumber regex patterns with different test inputs and output expected results" classname="restfulwebservice.WorkbookSpec" time="0.014"/>
  <testcase name="test phoneNumber regex patterns with different test inputs and output expected results" classname="restfulwebservice.WorkbookSpec" time="0.014"/>
  <system-out><![CDATA[]]></system-out>
  <system-err><![CDATA[]]></system-err>
</testsuite>
